[ 2015-12-10T12:20:20+08:00 ] 127.0.0.1 /gokit/3/index.php/Home/User/reLab.html
INFO: [ app_begin ] --START--
INFO: Run Behavior\ReadHtmlCacheBehavior [ RunTime:0.002000s ]
INFO: [ app_begin ] --END-- [ RunTime:0.007000s ]
SQL: SHOW COLUMNS FROM `think_labmcs` [ RunTime:0.0140s ]
SQL: UPDATE `think_labmcs` SET `username`='Hello Kitty',`s_num`='Hello Kitty',`laboratory`='Hello Kitty',`state`='预约',`starttime`='13313',`endtime`='3434' WHERE `openid` = '34623652' [ RunTime:0.0600s ]

[ 2015-12-10T12:24:25+08:00 ] 127.0.0.1 /gokit/3/index.php/Home/User/out.html
INFO: [ app_begin ] --START--
INFO: Run Behavior\ReadHtmlCacheBehavior [ RunTime:0.003000s ]
INFO: [ app_begin ] --END-- [ RunTime:0.005001s ]
SQL: SHOW COLUMNS FROM `think_labmcs` [ RunTime:0.0250s ]
SQL: UPDATE `think_labmcs` SET `state`='结束',`starttime`=NULL,`endtime`=NULL WHERE `openid` = '34623652' [ RunTime:0.0290s ]

[ 2015-12-10T12:24:44+08:00 ] 127.0.0.1 /gokit/3/index.php/Home/User/reLab.html
INFO: [ app_begin ] --START--
INFO: Run Behavior\ReadHtmlCacheBehavior [ RunTime:0.004000s ]
INFO: [ app_begin ] --END-- [ RunTime:0.007000s ]
SQL: SHOW COLUMNS FROM `think_labmcs` [ RunTime:0.0180s ]
SQL: UPDATE `think_labmcs` SET `username`='Hello Kitty',`s_num`='Hello Kitty',`laboratory`='Hello Kitty',`state`='预约',`starttime`='324234',`endtime`='23423' WHERE `openid` = '34623652' [ RunTime:0.0030s ]
NOTIC: [2] Cannot modify header information - headers already sent by (output started at D:\wamp\www\gokit\3\Application\Home\Controller\UserController.class.php:49) D:\wamp\www\gokit\3\ThinkPHP\Library\Think\Controller.class.php 第 215 行.

[ 2015-12-10T12:24:59+08:00 ] 127.0.0.1 /gokit/3/index.php/Home/User/reLab.html
INFO: [ app_begin ] --START--
INFO: Run Behavior\ReadHtmlCacheBehavior [ RunTime:0.003000s ]
INFO: [ app_begin ] --END-- [ RunTime:0.006000s ]
SQL: SHOW COLUMNS FROM `think_labmcs` [ RunTime:0.0140s ]
SQL: UPDATE `think_labmcs` SET `username`='Hello Kitty',`s_num`='Hello Kitty',`laboratory`='Hello Kitty',`state`='预约',`starttime`='324234',`endtime`='23423' WHERE `openid` = '34623652' [ RunTime:0.0030s ]
NOTIC: [2] Cannot modify header information - headers already sent by (output started at D:\wamp\www\gokit\3\Application\Home\Controller\UserController.class.php:49) D:\wamp\www\gokit\3\ThinkPHP\Library\Think\Controller.class.php 第 215 行.

[ 2015-12-10T12:33:02+08:00 ] 127.0.0.1 /gokit/3/index.php/Home/User/reLab.html
INFO: [ app_begin ] --START--
INFO: Run Behavior\ReadHtmlCacheBehavior [ RunTime:0.003000s ]
INFO: [ app_begin ] --END-- [ RunTime:0.007000s ]
SQL: SHOW COLUMNS FROM `think_labmcs` [ RunTime:0.0140s ]
SQL: UPDATE `think_labmcs` SET `username`='Hello Kitty',`s_num`='Hello Kitty',`laboratory`='Hello Kitty',`state`='预约',`starttime`='324234',`endtime`='23423' WHERE `openid` = '34623652' [ RunTime:0.0040s ]
NOTIC: [2] Cannot modify header information - headers already sent by (output started at D:\wamp\www\gokit\3\Application\Home\Controller\UserController.class.php:49) D:\wamp\www\gokit\3\ThinkPHP\Library\Think\Controller.class.php 第 215 行.

[ 2015-12-10T12:33:18+08:00 ] 127.0.0.1 /gokit/3/index.php/Home/User/reLab.html
INFO: [ app_begin ] --START--
INFO: Run Behavior\ReadHtmlCacheBehavior [ RunTime:0.003000s ]
INFO: [ app_begin ] --END-- [ RunTime:0.008000s ]
SQL: SHOW COLUMNS FROM `think_labmcs` [ RunTime:0.0200s ]
SQL: UPDATE `think_labmcs` SET `username`='Hello Kitty',`s_num`='Hello Kitty',`laboratory`='Hello Kitty',`state`='预约',`starttime`='324234',`endtime`='23423' WHERE `openid` = '34623652' [ RunTime:0.0050s ]
NOTIC: [2] Cannot modify header information - headers already sent by (output started at D:\wamp\www\gokit\3\Application\Home\Controller\UserController.class.php:49) D:\wamp\www\gokit\3\ThinkPHP\Library\Think\Controller.class.php 第 215 行.

[ 2015-12-10T12:35:21+08:00 ] 127.0.0.1 /gokit/3/index.php/Home/User/reLab.html
INFO: [ app_begin ] --START--
INFO: Run Behavior\ReadHtmlCacheBehavior [ RunTime:0.004000s ]
INFO: [ app_begin ] --END-- [ RunTime:0.006000s ]
SQL: SHOW COLUMNS FROM `think_labmcs` [ RunTime:0.0160s ]
SQL: UPDATE `think_labmcs` SET `username`='Hello Kitty',`s_num`='Hello Kitty',`laboratory`='Hello Kitty',`state`='预约',`starttime`='324234',`endtime`='23423' WHERE `openid` = '34623652' [ RunTime:0.0080s ]
NOTIC: [2] Cannot modify header information - headers already sent by (output started at D:\wamp\www\gokit\3\Application\Home\Controller\UserController.class.php:49) D:\wamp\www\gokit\3\ThinkPHP\Library\Think\Controller.class.php 第 215 行.

[ 2015-12-10T12:35:59+08:00 ] 127.0.0.1 /gokit/3/index.php/Home/User/out.html
INFO: [ app_begin ] --START--
INFO: Run Behavior\ReadHtmlCacheBehavior [ RunTime:0.002000s ]
INFO: [ app_begin ] --END-- [ RunTime:0.003000s ]
SQL: SHOW COLUMNS FROM `think_labmcs` [ RunTime:0.0120s ]
SQL: UPDATE `think_labmcs` SET `state`='结束',`starttime`=NULL,`endtime`=NULL WHERE `openid` = '34623652' [ RunTime:0.0020s ]

[ 2015-12-10T12:36:14+08:00 ] 127.0.0.1 /gokit/3/index.php/Home/User/reLab.html
INFO: [ app_begin ] --START--
INFO: Run Behavior\ReadHtmlCacheBehavior [ RunTime:0.002000s ]
INFO: [ app_begin ] --END-- [ RunTime:0.003001s ]
SQL: SHOW COLUMNS FROM `think_labmcs` [ RunTime:0.0150s ]
SQL: UPDATE `think_labmcs` SET `username`='Hello Kitty',`s_num`='Hello Kitty',`laboratory`='Hello Kitty',`state`='预约',`starttime`='34',`endtime`='234' WHERE `openid` = '34623652' [ RunTime:0.0030s ]
NOTIC: [2] Cannot modify header information - headers already sent by (output started at D:\wamp\www\gokit\3\Application\Home\Controller\UserController.class.php:49) D:\wamp\www\gokit\3\ThinkPHP\Library\Think\Controller.class.php 第 215 行.

[ 2015-12-10T12:38:02+08:00 ] 127.0.0.1 /gokit/3/index.php/Home/User/reLab.html
INFO: [ app_begin ] --START--
INFO: Run Behavior\ReadHtmlCacheBehavior [ RunTime:0.004000s ]
INFO: [ app_begin ] --END-- [ RunTime:0.006000s ]
SQL: SHOW COLUMNS FROM `think_labmcs` [ RunTime:0.0140s ]
SQL: UPDATE `think_labmcs` SET `username`='Hello Kitty',`s_num`='Hello Kitty',`laboratory`='Hello Kitty',`state`='预约',`starttime`='131',`endtime`='675' WHERE `openid` = '33423652' [ RunTime:0.0040s ]

[ 2015-12-10T12:42:44+08:00 ] 127.0.0.1 /gokit/3/index.php/Home/User/out.html
INFO: [ app_begin ] --START--
INFO: Run Behavior\ReadHtmlCacheBehavior [ RunTime:0.002000s ]
INFO: [ app_begin ] --END-- [ RunTime:0.003000s ]
SQL: SHOW COLUMNS FROM `think_labmcs` [ RunTime:0.0160s ]
SQL: UPDATE `think_labmcs` SET `state`='结束',`starttime`=NULL,`endtime`=NULL WHERE `openid` = '33423652' [ RunTime:0.0020s ]

[ 2015-12-10T12:42:56+08:00 ] 127.0.0.1 /gokit/3/index.php/Home/User/reLab.html
INFO: [ app_begin ] --START--
INFO: Run Behavior\ReadHtmlCacheBehavior [ RunTime:0.001000s ]
INFO: [ app_begin ] --END-- [ RunTime:0.004000s ]
SQL: SHOW COLUMNS FROM `think_labmcs` [ RunTime:0.0110s ]
SQL: UPDATE `think_labmcs` SET `username`='放大',`s_num`='34352',`laboratory`='2342',`state`='预约',`starttime`='234',`endtime`='234' WHERE `openid` = '33423652' [ RunTime:0.0020s ]

